1675324963940	geckodriver	INFO	Listening on 127.0.0.1:64490
1675324964449	mozrunner::runner	INFO	Running command: "/Applications/Firefox.app/Contents/MacOS/firefox-bin" "--marionette" "--remote-debugging-port" "64491" "--remote-allow-hosts" "localhost" "-foreground" "-no-remote" "-profile" "/var/folders/kq/shfl74sd0yb9f259f2h63nbw0000gn/T/rust_mozprofileqor6CP"
1675324965603	Marionette	INFO	Marionette enabled
1675324965875	Marionette	INFO	Listening on port 64526
Read port: 64526
WebDriver BiDi listening on ws://127.0.0.1:64491
1675324966095	RemoteAgent	WARN	TLS certificate errors will be ignored for this session
console.warn: SearchSettings: "get: No settings file exists, new profile?" (new NotFoundError("Could not open the file at /var/folders/kq/shfl74sd0yb9f259f2h63nbw0000gn/T/rust_mozprofileqor6CP/search.json.mozlz4", (void 0)))
DevTools listening on ws://127.0.0.1:64491/devtools/browser/9778efef-d51a-43e4-8a83-a154269c177c
console.warn: LoginRecipes: "Falling back to a synchronous message for: https://www.google.com."
console.error: (new TypeError("parent is null", "resource://devtools/client/inspector/shared/style-change-tracker.js", 67))
TypeError: parent is null: canMutationImpactCurrentStyles@resource://devtools/client/inspector/shared/style-change-tracker.js:67:24
onMutations@resource://devtools/client/inspector/shared/style-change-tracker.js:84:41
_emit@resource://devtools/shared/event-emitter.js:242:32
emit@resource://devtools/shared/event-emitter.js:186:18
emit@resource://devtools/shared/event-emitter.js:330:18
getMutations@resource://devtools/client/fronts/walker.js:312:10

console.error: (new TypeError("null has no properties", "resource://devtools/client/inspector/shared/style-change-tracker.js", 67))
TypeError: null has no properties: canMutationImpactCurrentStyles@resource://devtools/client/inspector/shared/style-change-tracker.js:67:24
onMutations@resource://devtools/client/inspector/shared/style-change-tracker.js:84:41
_emit@resource://devtools/shared/event-emitter.js:242:32
emit@resource://devtools/shared/event-emitter.js:186:18
emit@resource://devtools/shared/event-emitter.js:330:18
getMutations@resource://devtools/client/fronts/walker.js:312:10

Marionette threw an error: [Exception... "Failure"  nsresult: "0x80004005 (NS_ERROR_FAILURE)"  location: "JS frame :: chrome://remote/content/marionette/capture.js :: capture.canvas :: line 144"  data: no]
capture.canvas@chrome://remote/content/marionette/capture.js:144:62
takeScreenshot@chrome://remote/content/marionette/actors/MarionetteCommandsParent.jsm:261:37

Marionette threw an error: [Exception... "Failure"  nsresult: "0x80004005 (NS_ERROR_FAILURE)"  location: "JS frame :: chrome://remote/content/marionette/capture.js :: capture.canvas :: line 144"  data: no]
capture.canvas@chrome://remote/content/marionette/capture.js:144:62
takeScreenshot@chrome://remote/content/marionette/actors/MarionetteCommandsParent.jsm:261:37

Marionette threw an error: [Exception... "Failure"  nsresult: "0x80004005 (NS_ERROR_FAILURE)"  location: "JS frame :: chrome://remote/content/marionette/capture.js :: capture.canvas :: line 144"  data: no]
capture.canvas@chrome://remote/content/marionette/capture.js:144:62
takeScreenshot@chrome://remote/content/marionette/actors/MarionetteCommandsParent.jsm:261:37

Marionette threw an error: [Exception... "Failure"  nsresult: "0x80004005 (NS_ERROR_FAILURE)"  location: "JS frame :: chrome://remote/content/marionette/capture.js :: capture.canvas :: line 144"  data: no]
capture.canvas@chrome://remote/content/marionette/capture.js:144:62
takeScreenshot@chrome://remote/content/marionette/actors/MarionetteCommandsParent.jsm:261:37

Marionette threw an error: [Exception... "Failure"  nsresult: "0x80004005 (NS_ERROR_FAILURE)"  location: "JS frame :: chrome://remote/content/marionette/capture.js :: capture.canvas :: line 144"  data: no]
capture.canvas@chrome://remote/content/marionette/capture.js:144:62
takeScreenshot@chrome://remote/content/marionette/actors/MarionetteCommandsParent.jsm:261:37

Marionette threw an error: [Exception... "Failure"  nsresult: "0x80004005 (NS_ERROR_FAILURE)"  location: "JS frame :: chrome://remote/content/marionette/capture.js :: capture.canvas :: line 144"  data: no]
capture.canvas@chrome://remote/content/marionette/capture.js:144:62
takeScreenshot@chrome://remote/content/marionette/actors/MarionetteCommandsParent.jsm:261:37

Marionette threw an error: [Exception... "Failure"  nsresult: "0x80004005 (NS_ERROR_FAILURE)"  location: "JS frame :: chrome://remote/content/marionette/capture.js :: capture.canvas :: line 144"  data: no]
capture.canvas@chrome://remote/content/marionette/capture.js:144:62
takeScreenshot@chrome://remote/content/marionette/actors/MarionetteCommandsParent.jsm:261:37

Marionette threw an error: [Exception... "Failure"  nsresult: "0x80004005 (NS_ERROR_FAILURE)"  location: "JS frame :: chrome://remote/content/marionette/capture.js :: capture.canvas :: line 144"  data: no]
capture.canvas@chrome://remote/content/marionette/capture.js:144:62
takeScreenshot@chrome://remote/content/marionette/actors/MarionetteCommandsParent.jsm:261:37

Marionette threw an error: [Exception... "Failure"  nsresult: "0x80004005 (NS_ERROR_FAILURE)"  location: "JS frame :: chrome://remote/content/marionette/capture.js :: capture.canvas :: line 144"  data: no]
capture.canvas@chrome://remote/content/marionette/capture.js:144:62
takeScreenshot@chrome://remote/content/marionette/actors/MarionetteCommandsParent.jsm:261:37

Marionette threw an error: [Exception... "Failure"  nsresult: "0x80004005 (NS_ERROR_FAILURE)"  location: "JS frame :: chrome://remote/content/marionette/capture.js :: capture.canvas :: line 144"  data: no]
capture.canvas@chrome://remote/content/marionette/capture.js:144:62
takeScreenshot@chrome://remote/content/marionette/actors/MarionetteCommandsParent.jsm:261:37

Marionette threw an error: [Exception... "Failure"  nsresult: "0x80004005 (NS_ERROR_FAILURE)"  location: "JS frame :: chrome://remote/content/marionette/capture.js :: capture.canvas :: line 144"  data: no]
capture.canvas@chrome://remote/content/marionette/capture.js:144:62
takeScreenshot@chrome://remote/content/marionette/actors/MarionetteCommandsParent.jsm:261:37

Marionette threw an error: [Exception... "Failure"  nsresult: "0x80004005 (NS_ERROR_FAILURE)"  location: "JS frame :: chrome://remote/content/marionette/capture.js :: capture.canvas :: line 144"  data: no]
capture.canvas@chrome://remote/content/marionette/capture.js:144:62
takeScreenshot@chrome://remote/content/marionette/actors/MarionetteCommandsParent.jsm:261:37

Marionette threw an error: [Exception... "Failure"  nsresult: "0x80004005 (NS_ERROR_FAILURE)"  location: "JS frame :: chrome://remote/content/marionette/capture.js :: capture.canvas :: line 144"  data: no]
capture.canvas@chrome://remote/content/marionette/capture.js:144:62
takeScreenshot@chrome://remote/content/marionette/actors/MarionetteCommandsParent.jsm:261:37

Marionette threw an error: [Exception... "Failure"  nsresult: "0x80004005 (NS_ERROR_FAILURE)"  location: "JS frame :: chrome://remote/content/marionette/capture.js :: capture.canvas :: line 144"  data: no]
capture.canvas@chrome://remote/content/marionette/capture.js:144:62
takeScreenshot@chrome://remote/content/marionette/actors/MarionetteCommandsParent.jsm:261:37

Marionette threw an error: [Exception... "Failure"  nsresult: "0x80004005 (NS_ERROR_FAILURE)"  location: "JS frame :: chrome://remote/content/marionette/capture.js :: capture.canvas :: line 144"  data: no]
capture.canvas@chrome://remote/content/marionette/capture.js:144:62
takeScreenshot@chrome://remote/content/marionette/actors/MarionetteCommandsParent.jsm:261:37

Marionette threw an error: [Exception... "Failure"  nsresult: "0x80004005 (NS_ERROR_FAILURE)"  location: "JS frame :: chrome://remote/content/marionette/capture.js :: capture.canvas :: line 144"  data: no]
capture.canvas@chrome://remote/content/marionette/capture.js:144:62
takeScreenshot@chrome://remote/content/marionette/actors/MarionetteCommandsParent.jsm:261:37

Marionette threw an error: [Exception... "Failure"  nsresult: "0x80004005 (NS_ERROR_FAILURE)"  location: "JS frame :: chrome://remote/content/marionette/capture.js :: capture.canvas :: line 144"  data: no]
capture.canvas@chrome://remote/content/marionette/capture.js:144:62
takeScreenshot@chrome://remote/content/marionette/actors/MarionetteCommandsParent.jsm:261:37

Marionette threw an error: [Exception... "Failure"  nsresult: "0x80004005 (NS_ERROR_FAILURE)"  location: "JS frame :: chrome://remote/content/marionette/capture.js :: capture.canvas :: line 144"  data: no]
capture.canvas@chrome://remote/content/marionette/capture.js:144:62
takeScreenshot@chrome://remote/content/marionette/actors/MarionetteCommandsParent.jsm:261:37

Marionette threw an error: [Exception... "Failure"  nsresult: "0x80004005 (NS_ERROR_FAILURE)"  location: "JS frame :: chrome://remote/content/marionette/capture.js :: capture.canvas :: line 144"  data: no]
capture.canvas@chrome://remote/content/marionette/capture.js:144:62
takeScreenshot@chrome://remote/content/marionette/actors/MarionetteCommandsParent.jsm:261:37

Marionette threw an error: [Exception... "Failure"  nsresult: "0x80004005 (NS_ERROR_FAILURE)"  location: "JS frame :: chrome://remote/content/marionette/capture.js :: capture.canvas :: line 144"  data: no]
capture.canvas@chrome://remote/content/marionette/capture.js:144:62
takeScreenshot@chrome://remote/content/marionette/actors/MarionetteCommandsParent.jsm:261:37

